#-----------------------------------------------------------
# Vivado v2018.3 (64-bit)
# SW Build 2405991 on Thu Dec  6 23:38:27 MST 2018
# IP Build 2404404 on Fri Dec  7 01:43:56 MST 2018
# Start of session at: Mon May  4 02:01:41 2020
# Process ID: 18376
# Current directory: C:/Users/Ivan/Documents/GitHub/DL2020-10_Rios/Lab 10/project_1
# Command line: vivado.exe -gui_launcher_event rodinguilauncherevent19388 C:\Users\Ivan\Documents\GitHub\DL2020-10_Rios\Lab 10\project_1\lab10.xpr
# Log file: C:/Users/Ivan/Documents/GitHub/DL2020-10_Rios/Lab 10/project_1/vivado.log
# Journal file: C:/Users/Ivan/Documents/GitHub/DL2020-10_Rios/Lab 10/project_1\vivado.jou
#-----------------------------------------------------------
start_gui
open_project {C:/Users/Ivan/Documents/GitHub/DL2020-10_Rios/Lab 10/project_1/lab10.xpr}
INFO: [Project 1-313] Project file moved from 'C:/Users/Ivan/Documents/GitHub/DL201910_Labs-Rios2/Lab10' since last save.
CRITICAL WARNING: [Project 1-311] Could not find the file 'C:/Users/Ivan/Documents/GitHub/DL2020-10_Rios/Lab 10/lab_10.srcs/sim_1/new/counter_test.sv', nor could it be found using path 'C:/Users/Ivan/Documents/GitHub/DL201910_Labs-Rios2/lab_10.srcs/sim_1/new/counter_test.sv'.
CRITICAL WARNING: [Project 1-311] Could not find the file 'C:/Users/Ivan/Documents/GitHub/DL2020-10_Rios/Lab 10/lab_10.srcs/sim_1/new/sseg_4_TDM_test.sv', nor could it be found using path 'C:/Users/Ivan/Documents/GitHub/DL201910_Labs-Rios2/lab_10.srcs/sim_1/new/sseg_4_TDM_test.sv'.
Scanning sources...
Finished scanning sources
WARNING: [filemgmt 56-2] IPUserFilesDir: Could not find the directory 'C:/Users/Ivan/Documents/GitHub/DL2020-10_Rios/Lab 10/project_1/lab10.ip_user_files', nor could it be found using path 'C:/Users/Ivan/Documents/GitHub/DL201910_Labs-Rios2/Lab10/lab10.ip_user_files'.
INFO: [IP_Flow 19-234] Refreshing IP repositories
INFO: [IP_Flow 19-1704] No user IP repositories specified
INFO: [IP_Flow 19-2313] Loaded Vivado IP repository 'C:/Xilinx/Vivado/2018.3/data/ip'.
open_project: Time (s): cpu = 00:00:14 ; elapsed = 00:00:05 . Memory (MB): peak = 691.133 ; gain = 69.199
update_compile_order -fileset sources_1
update_compile_order -fileset sim_1
update_compile_order -fileset sim_1
save_project_as lab_10 C:/Users/Ivan/Documents/GitHub/DL2020-10_Rios/lab_10 -exclude_run_results -force
INFO: [Coretcl 2-133] re-setting run 'synth_1'...
INFO: [Coretcl 2-133] re-setting run 'impl_1'...
exit
INFO: [Common 17-206] Exiting Vivado at Mon May  4 02:36:44 2020...
